                                  
================================= 
Global information about the job: 
================================= 
  
Job owner: iuyehara(62033)
Job name:  PYTHON_MP
Node list: co2640
Job start: Mon Jan 18 16:59:21 CET 2021
Job end:   Mon Jan 18 16:59:23 CET 2021
Work dir:  /u/iuyehara/ceci/bash_script/./
Command:   /cobra/u/iuyehara/ceci/bash_script/submit_node_multiprocessing.sh
  
  
  
==========================================================================================
Information on jobsteps (Note: MaxRSS/AveRSS is the maximum/average over all 
tasks of the per-task memory high-water marks; cf. "man sacct"): 
==========================================================================================
  
       JobID    JobName NNodes NTasks  NCPUS       MaxRSS       AveRSS    Elapsed ExitCode 
------------ ---------- ------ ------ ------ ------------ ------------ ---------- -------- 
3597433       PYTHON_MP      1            40                             00:00:02      0:0 
  
                                  
================================= 
Global information about the job: 
================================= 
  
Job owner: iuyehara(62033)
Job name:  PYTHON_MP
Node list: co2637
Job start: Mon Jan 18 17:02:04 CET 2021
Job end:   Mon Jan 18 17:02:06 CET 2021
Work dir:  /u/iuyehara/ceci/bash_script/./
Command:   /cobra/u/iuyehara/ceci/bash_script/submit_node_multiprocessing.sh
  
  
  
==========================================================================================
Information on jobsteps (Note: MaxRSS/AveRSS is the maximum/average over all 
tasks of the per-task memory high-water marks; cf. "man sacct"): 
==========================================================================================
  
       JobID    JobName NNodes NTasks  NCPUS       MaxRSS       AveRSS    Elapsed ExitCode 
------------ ---------- ------ ------ ------ ------------ ------------ ---------- -------- 
3597460       PYTHON_MP      1             4                             00:00:02      0:0 
  
